\BOOKMARK [0][-]{chapter.1}{\376\377\0001\000\040\000G\000U\000A\000C\000H\000O\000-\0003\000D\000\040\000D\000o\000c\000u\000m\000e\000n\000t\000a\000t\000i\000o\000n}{}% 1
\BOOKMARK [1][-]{section.1.1}{\376\377\0001\000.\0001\000\040\000I\000n\000t\000r\000o\000d\000u\000c\000t\000i\000o\000n}{chapter.1}% 2
\BOOKMARK [1][-]{section.1.2}{\376\377\0001\000.\0002\000\040\000r\000e\000l\000e\000a\000s\000e\000.\000n\000o\000t\000e\000s}{chapter.1}% 3
\BOOKMARK [1][-]{section.1.3}{\376\377\0001\000.\0003\000\040\000r\000e\000q\000u\000i\000r\000e\000m\000e\000n\000t\000s}{chapter.1}% 4
\BOOKMARK [0][-]{chapter.2}{\376\377\0002\000\040\000M\000o\000d\000u\000l\000e\000s\000\040\000I\000n\000d\000e\000x}{}% 5
\BOOKMARK [1][-]{section.2.1}{\376\377\0002\000.\0001\000\040\000M\000o\000d\000u\000l\000e\000s\000\040\000L\000i\000s\000t}{chapter.2}% 6
\BOOKMARK [0][-]{chapter.3}{\376\377\0003\000\040\000F\000i\000l\000e\000\040\000I\000n\000d\000e\000x}{}% 7
\BOOKMARK [1][-]{section.3.1}{\376\377\0003\000.\0001\000\040\000F\000i\000l\000e\000\040\000L\000i\000s\000t}{chapter.3}% 8
\BOOKMARK [0][-]{chapter.4}{\376\377\0004\000\040\000M\000o\000d\000u\000l\000e\000\040\000D\000o\000c\000u\000m\000e\000n\000t\000a\000t\000i\000o\000n}{}% 9
\BOOKMARK [1][-]{section.4.1}{\376\377\0004\000.\0001\000\040\000b\000o\000u\000n\000d\000a\000r\000i\000e\000s\000\040\000M\000o\000d\000u\000l\000e\000\040\000R\000e\000f\000e\000r\000e\000n\000c\000e}{chapter.4}% 10
\BOOKMARK [2][-]{subsection.4.1.1}{\376\377\0004\000.\0001\000.\0001\000\040\000D\000e\000t\000a\000i\000l\000e\000d\000\040\000D\000e\000s\000c\000r\000i\000p\000t\000i\000o\000n}{section.4.1}% 11
\BOOKMARK [2][-]{subsection.4.1.2}{\376\377\0004\000.\0001\000.\0002\000\040\000F\000u\000n\000c\000t\000i\000o\000n\000/\000S\000u\000b\000r\000o\000u\000t\000i\000n\000e\000\040\000D\000o\000c\000u\000m\000e\000n\000t\000a\000t\000i\000o\000n}{section.4.1}% 12
\BOOKMARK [3][-]{subsubsection.4.1.2.1}{\376\377\0004\000.\0001\000.\0002\000.\0001\000\040\000b\000o\000u\000n\000d\000a\000r\000y\000i}{subsection.4.1.2}% 13
\BOOKMARK [3][-]{subsubsection.4.1.2.2}{\376\377\0004\000.\0001\000.\0002\000.\0002\000\040\000b\000o\000u\000n\000d\000a\000r\000y\000i\000i}{subsection.4.1.2}% 14
\BOOKMARK [1][-]{section.4.2}{\376\377\0004\000.\0002\000\040\000c\000h\000e\000m\000i\000s\000t\000r\000y\000\040\000M\000o\000d\000u\000l\000e\000\040\000R\000e\000f\000e\000r\000e\000n\000c\000e}{chapter.4}% 15
\BOOKMARK [2][-]{subsection.4.2.1}{\376\377\0004\000.\0002\000.\0001\000\040\000D\000e\000t\000a\000i\000l\000e\000d\000\040\000D\000e\000s\000c\000r\000i\000p\000t\000i\000o\000n}{section.4.2}% 16
\BOOKMARK [2][-]{subsection.4.2.2}{\376\377\0004\000.\0002\000.\0002\000\040\000F\000u\000n\000c\000t\000i\000o\000n\000/\000S\000u\000b\000r\000o\000u\000t\000i\000n\000e\000\040\000D\000o\000c\000u\000m\000e\000n\000t\000a\000t\000i\000o\000n}{section.4.2}% 17
\BOOKMARK [3][-]{subsubsection.4.2.2.1}{\376\377\0004\000.\0002\000.\0002\000.\0001\000\040\000c\000h\000e\000m\000s\000t\000e\000p}{subsection.4.2.2}% 18
\BOOKMARK [3][-]{subsubsection.4.2.2.2}{\376\377\0004\000.\0002\000.\0002\000.\0002\000\040\000u\000p\000d\000a\000t\000e\000\137\000c\000h\000e\000m}{subsection.4.2.2}% 19
\BOOKMARK [1][-]{section.4.3}{\376\377\0004\000.\0003\000\040\000c\000o\000l\000d\000e\000n\000s\000\137\000u\000t\000i\000l\000i\000t\000i\000e\000s\000\040\000M\000o\000d\000u\000l\000e\000\040\000R\000e\000f\000e\000r\000e\000n\000c\000e}{chapter.4}% 20
\BOOKMARK [2][-]{subsection.4.3.1}{\376\377\0004\000.\0003\000.\0001\000\040\000D\000e\000t\000a\000i\000l\000e\000d\000\040\000D\000e\000s\000c\000r\000i\000p\000t\000i\000o\000n}{section.4.3}% 21
\BOOKMARK [2][-]{subsection.4.3.2}{\376\377\0004\000.\0003\000.\0002\000\040\000F\000u\000n\000c\000t\000i\000o\000n\000/\000S\000u\000b\000r\000o\000u\000t\000i\000n\000e\000\040\000D\000o\000c\000u\000m\000e\000n\000t\000a\000t\000i\000o\000n}{section.4.3}% 22
\BOOKMARK [3][-]{subsubsection.4.3.2.1}{\376\377\0004\000.\0003\000.\0002\000.\0001\000\040\000f\000i\000l\000l\000\137\000m\000a\000p}{subsection.4.3.2}% 23
\BOOKMARK [3][-]{subsubsection.4.3.2.2}{\376\377\0004\000.\0003\000.\0002\000.\0002\000\040\000g\000e\000t\000x\000y\000z}{subsection.4.3.2}% 24
\BOOKMARK [3][-]{subsubsection.4.3.2.3}{\376\377\0004\000.\0003\000.\0002\000.\0003\000\040\000i\000n\000i\000t\000\137\000c\000o\000l\000d\000e\000n\000s}{subsection.4.3.2}% 25
\BOOKMARK [3][-]{subsubsection.4.3.2.4}{\376\377\0004\000.\0003\000.\0002\000.\0004\000\040\000r\000e\000a\000d\000\137\000d\000a\000t\000a}{subsection.4.3.2}% 26
\BOOKMARK [3][-]{subsubsection.4.3.2.5}{\376\377\0004\000.\0003\000.\0002\000.\0005\000\040\000r\000o\000t\000a\000t\000i\000o\000n\000\137\000x}{subsection.4.3.2}% 27
\BOOKMARK [3][-]{subsubsection.4.3.2.6}{\376\377\0004\000.\0003\000.\0002\000.\0006\000\040\000r\000o\000t\000a\000t\000i\000o\000n\000\137\000y}{subsection.4.3.2}% 28
\BOOKMARK [3][-]{subsubsection.4.3.2.7}{\376\377\0004\000.\0003\000.\0002\000.\0007\000\040\000r\000o\000t\000a\000t\000i\000o\000n\000\137\000z}{subsection.4.3.2}% 29
\BOOKMARK [3][-]{subsubsection.4.3.2.8}{\376\377\0004\000.\0003\000.\0002\000.\0008\000\040\000w\000r\000i\000t\000e\000\137\000h\000e\000a\000d\000e\000r}{subsection.4.3.2}% 30
\BOOKMARK [3][-]{subsubsection.4.3.2.9}{\376\377\0004\000.\0003\000.\0002\000.\0009\000\040\000w\000r\000i\000t\000e\000\137\000m\000a\000p}{subsection.4.3.2}% 31
\BOOKMARK [1][-]{section.4.4}{\376\377\0004\000.\0004\000\040\000c\000o\000n\000s\000t\000a\000n\000t\000s\000\040\000M\000o\000d\000u\000l\000e\000\040\000R\000e\000f\000e\000r\000e\000n\000c\000e}{chapter.4}% 32
\BOOKMARK [1][-]{section.4.5}{\376\377\0004\000.\0005\000\040\000c\000o\000o\000l\000i\000n\000g\000\137\000c\000h\000i\000\040\000M\000o\000d\000u\000l\000e\000\040\000R\000e\000f\000e\000r\000e\000n\000c\000e}{chapter.4}% 33
\BOOKMARK [2][-]{subsection.4.5.1}{\376\377\0004\000.\0005\000.\0001\000\040\000D\000e\000t\000a\000i\000l\000e\000d\000\040\000D\000e\000s\000c\000r\000i\000p\000t\000i\000o\000n}{section.4.5}% 34
\BOOKMARK [2][-]{subsection.4.5.2}{\376\377\0004\000.\0005\000.\0002\000\040\000F\000u\000n\000c\000t\000i\000o\000n\000/\000S\000u\000b\000r\000o\000u\000t\000i\000n\000e\000\040\000D\000o\000c\000u\000m\000e\000n\000t\000a\000t\000i\000o\000n}{section.4.5}% 35
\BOOKMARK [3][-]{subsubsection.4.5.2.1}{\376\377\0004\000.\0005\000.\0002\000.\0001\000\040\000c\000o\000o\000l\000c\000h\000i}{subsection.4.5.2}% 36
\BOOKMARK [3][-]{subsubsection.4.5.2.2}{\376\377\0004\000.\0005\000.\0002\000.\0002\000\040\000c\000o\000o\000l\000i\000n\000g\000c\000h\000i}{subsection.4.5.2}% 37
\BOOKMARK [3][-]{subsubsection.4.5.2.3}{\376\377\0004\000.\0005\000.\0002\000.\0003\000\040\000r\000e\000a\000d\000\137\000t\000a\000b\000l\000e}{subsection.4.5.2}% 38
\BOOKMARK [1][-]{section.4.6}{\376\377\0004\000.\0006\000\040\000c\000o\000o\000l\000i\000n\000g\000\137\000d\000m\000c\000\040\000M\000o\000d\000u\000l\000e\000\040\000R\000e\000f\000e\000r\000e\000n\000c\000e}{chapter.4}% 39
\BOOKMARK [2][-]{subsection.4.6.1}{\376\377\0004\000.\0006\000.\0001\000\040\000D\000e\000t\000a\000i\000l\000e\000d\000\040\000D\000e\000s\000c\000r\000i\000p\000t\000i\000o\000n}{section.4.6}% 40
\BOOKMARK [2][-]{subsection.4.6.2}{\376\377\0004\000.\0006\000.\0002\000\040\000F\000u\000n\000c\000t\000i\000o\000n\000/\000S\000u\000b\000r\000o\000u\000t\000i\000n\000e\000\040\000D\000o\000c\000u\000m\000e\000n\000t\000a\000t\000i\000o\000n}{section.4.6}% 41
\BOOKMARK [3][-]{subsubsection.4.6.2.1}{\376\377\0004\000.\0006\000.\0002\000.\0001\000\040\000c\000o\000o\000l\000d\000m\000c}{subsection.4.6.2}% 42
\BOOKMARK [3][-]{subsubsection.4.6.2.2}{\376\377\0004\000.\0006\000.\0002\000.\0002\000\040\000c\000o\000o\000l\000i\000n\000g\000d\000m\000c}{subsection.4.6.2}% 43
\BOOKMARK [3][-]{subsubsection.4.6.2.3}{\376\377\0004\000.\0006\000.\0002\000.\0003\000\040\000r\000e\000a\000d\000\137\000t\000a\000b\000l\000e}{subsection.4.6.2}% 44
\BOOKMARK [1][-]{section.4.7}{\376\377\0004\000.\0007\000\040\000c\000o\000o\000l\000i\000n\000g\000\137\000h\000\040\000M\000o\000d\000u\000l\000e\000\040\000R\000e\000f\000e\000r\000e\000n\000c\000e}{chapter.4}% 45
\BOOKMARK [2][-]{subsection.4.7.1}{\376\377\0004\000.\0007\000.\0001\000\040\000D\000e\000t\000a\000i\000l\000e\000d\000\040\000D\000e\000s\000c\000r\000i\000p\000t\000i\000o\000n}{section.4.7}% 46
\BOOKMARK [2][-]{subsection.4.7.2}{\376\377\0004\000.\0007\000.\0002\000\040\000F\000u\000n\000c\000t\000i\000o\000n\000/\000S\000u\000b\000r\000o\000u\000t\000i\000n\000e\000\040\000D\000o\000c\000u\000m\000e\000n\000t\000a\000t\000i\000o\000n}{section.4.7}% 47
\BOOKMARK [3][-]{subsubsection.4.7.2.1}{\376\377\0004\000.\0007\000.\0002\000.\0001\000\040\000a\000l\000o\000s\000s}{subsection.4.7.2}% 48
\BOOKMARK [3][-]{subsubsection.4.7.2.2}{\376\377\0004\000.\0007\000.\0002\000.\0002\000\040\000a\000l\000p\000h\000a}{subsection.4.7.2}% 49
\BOOKMARK [3][-]{subsubsection.4.7.2.3}{\376\377\0004\000.\0007\000.\0002\000.\0003\000\040\000a\000l\000p\000h\000a\0001}{subsection.4.7.2}% 50
\BOOKMARK [3][-]{subsubsection.4.7.2.4}{\376\377\0004\000.\0007\000.\0002\000.\0004\000\040\000a\000t\000o\000m\000i\000c}{subsection.4.7.2}% 51
\BOOKMARK [3][-]{subsubsection.4.7.2.5}{\376\377\0004\000.\0007\000.\0002\000.\0005\000\040\000b\000e\000t\000a\000h}{subsection.4.7.2}% 52
\BOOKMARK [3][-]{subsubsection.4.7.2.6}{\376\377\0004\000.\0007\000.\0002\000.\0006\000\040\000c\000o\000l\000f}{subsection.4.7.2}% 53
\BOOKMARK [3][-]{subsubsection.4.7.2.7}{\376\377\0004\000.\0007\000.\0002\000.\0007\000\040\000c\000o\000o\000l\000i\000n\000g\000h}{subsection.4.7.2}% 54
\BOOKMARK [1][-]{section.4.8}{\376\377\0004\000.\0008\000\040\000d\000i\000f\000r\000a\000d\000\040\000M\000o\000d\000u\000l\000e\000\040\000R\000e\000f\000e\000r\000e\000n\000c\000e}{chapter.4}% 55
\BOOKMARK [2][-]{subsection.4.8.1}{\376\377\0004\000.\0008\000.\0001\000\040\000D\000e\000t\000a\000i\000l\000e\000d\000\040\000D\000e\000s\000c\000r\000i\000p\000t\000i\000o\000n}{section.4.8}% 56
\BOOKMARK [2][-]{subsection.4.8.2}{\376\377\0004\000.\0008\000.\0002\000\040\000F\000u\000n\000c\000t\000i\000o\000n\000/\000S\000u\000b\000r\000o\000u\000t\000i\000n\000e\000\040\000D\000o\000c\000u\000m\000e\000n\000t\000a\000t\000i\000o\000n}{section.4.8}% 57
\BOOKMARK [3][-]{subsubsection.4.8.2.1}{\376\377\0004\000.\0008\000.\0002\000.\0001\000\040\000d\000i\000f\000f\000u\000s\000e\000\137\000r\000a\000d}{subsection.4.8.2}% 58
\BOOKMARK [3][-]{subsubsection.4.8.2.2}{\376\377\0004\000.\0008\000.\0002\000.\0002\000\040\000e\000m\000d\000i\000f\000f}{subsection.4.8.2}% 59
\BOOKMARK [3][-]{subsubsection.4.8.2.3}{\376\377\0004\000.\0008\000.\0002\000.\0003\000\040\000i\000n\000i\000t\000\137\000r\000a\000n\000d}{subsection.4.8.2}% 60
\BOOKMARK [3][-]{subsubsection.4.8.2.4}{\376\377\0004\000.\0008\000.\0002\000.\0004\000\040\000p\000h\000o\000t\000o\000n\000s}{subsection.4.8.2}% 61
\BOOKMARK [3][-]{subsubsection.4.8.2.5}{\376\377\0004\000.\0008\000.\0002\000.\0005\000\040\000p\000r\000o\000g\000r\000e\000s\000s}{subsection.4.8.2}% 62
\BOOKMARK [3][-]{subsubsection.4.8.2.6}{\376\377\0004\000.\0008\000.\0002\000.\0006\000\040\000r\000a\000d\000b\000o\000u\000n\000d\000s}{subsection.4.8.2}% 63
\BOOKMARK [3][-]{subsubsection.4.8.2.7}{\376\377\0004\000.\0008\000.\0002\000.\0007\000\040\000r\000a\000n\000d\000o\000m\000\137\000v\000e\000r\000s\000o\000r}{subsection.4.8.2}% 64
\BOOKMARK [3][-]{subsubsection.4.8.2.8}{\376\377\0004\000.\0008\000.\0002\000.\0008\000\040\000s\000t\000a\000r\000s\000o\000u\000r\000c\000e}{subsection.4.8.2}% 65
\BOOKMARK [1][-]{section.4.9}{\376\377\0004\000.\0009\000\040\000g\000l\000o\000b\000a\000l\000s\000\040\000M\000o\000d\000u\000l\000e\000\040\000R\000e\000f\000e\000r\000e\000n\000c\000e}{chapter.4}% 66
\BOOKMARK [2][-]{subsection.4.9.1}{\376\377\0004\000.\0009\000.\0001\000\040\000D\000e\000t\000a\000i\000l\000e\000d\000\040\000D\000e\000s\000c\000r\000i\000p\000t\000i\000o\000n}{section.4.9}% 67
\BOOKMARK [1][-]{section.4.10}{\376\377\0004\000.\0001\0000\000\040\000h\000\137\000a\000l\000p\000h\000a\000\137\000u\000t\000i\000l\000i\000t\000i\000e\000s\000\040\000M\000o\000d\000u\000l\000e\000\040\000R\000e\000f\000e\000r\000e\000n\000c\000e}{chapter.4}% 68
\BOOKMARK [2][-]{subsection.4.10.1}{\376\377\0004\000.\0001\0000\000.\0001\000\040\000D\000e\000t\000a\000i\000l\000e\000d\000\040\000D\000e\000s\000c\000r\000i\000p\000t\000i\000o\000n}{section.4.10}% 69
\BOOKMARK [2][-]{subsection.4.10.2}{\376\377\0004\000.\0001\0000\000.\0002\000\040\000F\000u\000n\000c\000t\000i\000o\000n\000/\000S\000u\000b\000r\000o\000u\000t\000i\000n\000e\000\040\000D\000o\000c\000u\000m\000e\000n\000t\000a\000t\000i\000o\000n}{section.4.10}% 70
\BOOKMARK [3][-]{subsubsection.4.10.2.1}{\376\377\0004\000.\0001\0000\000.\0002\000.\0001\000\040\000f\000i\000l\000l\000\137\000m\000a\000p}{subsection.4.10.2}% 71
\BOOKMARK [3][-]{subsubsection.4.10.2.2}{\376\377\0004\000.\0001\0000\000.\0002\000.\0002\000\040\000g\000e\000t\000x\000y\000z}{subsection.4.10.2}% 72
\BOOKMARK [3][-]{subsubsection.4.10.2.3}{\376\377\0004\000.\0001\0000\000.\0002\000.\0003\000\040\000i\000n\000i\000t\000\137\000h\000a}{subsection.4.10.2}% 73
\BOOKMARK [3][-]{subsubsection.4.10.2.4}{\376\377\0004\000.\0001\0000\000.\0002\000.\0004\000\040\000r\000e\000a\000d\000\137\000d\000a\000t\000a}{subsection.4.10.2}% 74
\BOOKMARK [3][-]{subsubsection.4.10.2.5}{\376\377\0004\000.\0001\0000\000.\0002\000.\0005\000\040\000r\000o\000t\000a\000t\000i\000o\000n\000\137\000x}{subsection.4.10.2}% 75
\BOOKMARK [3][-]{subsubsection.4.10.2.6}{\376\377\0004\000.\0001\0000\000.\0002\000.\0006\000\040\000r\000o\000t\000a\000t\000i\000o\000n\000\137\000y}{subsection.4.10.2}% 76
\BOOKMARK [3][-]{subsubsection.4.10.2.7}{\376\377\0004\000.\0001\0000\000.\0002\000.\0007\000\040\000r\000o\000t\000a\000t\000i\000o\000n\000\137\000z}{subsection.4.10.2}% 77
\BOOKMARK [3][-]{subsubsection.4.10.2.8}{\376\377\0004\000.\0001\0000\000.\0002\000.\0008\000\040\000w\000r\000i\000t\000e\000\137\000h\000a}{subsection.4.10.2}% 78
\BOOKMARK [3][-]{subsubsection.4.10.2.9}{\376\377\0004\000.\0001\0000\000.\0002\000.\0009\000\040\000w\000r\000i\000t\000e\000\137\000r\000g}{subsection.4.10.2}% 79
\BOOKMARK [1][-]{section.4.11}{\376\377\0004\000.\0001\0001\000\040\000h\000l\000l\000\040\000M\000o\000d\000u\000l\000e\000\040\000R\000e\000f\000e\000r\000e\000n\000c\000e}{chapter.4}% 80
\BOOKMARK [2][-]{subsection.4.11.1}{\376\377\0004\000.\0001\0001\000.\0001\000\040\000D\000e\000t\000a\000i\000l\000e\000d\000\040\000D\000e\000s\000c\000r\000i\000p\000t\000i\000o\000n}{section.4.11}% 81
\BOOKMARK [2][-]{subsection.4.11.2}{\376\377\0004\000.\0001\0001\000.\0002\000\040\000F\000u\000n\000c\000t\000i\000o\000n\000/\000S\000u\000b\000r\000o\000u\000t\000i\000n\000e\000\040\000D\000o\000c\000u\000m\000e\000n\000t\000a\000t\000i\000o\000n}{section.4.11}% 82
\BOOKMARK [3][-]{subsubsection.4.11.2.1}{\376\377\0004\000.\0001\0001\000.\0002\000.\0001\000\040\000h\000l\000l\000f\000l\000u\000x\000e\000s}{subsection.4.11.2}% 83
\BOOKMARK [3][-]{subsubsection.4.11.2.2}{\376\377\0004\000.\0001\0001\000.\0002\000.\0002\000\040\000p\000r\000i\000m\0002\000f\000h\000l\000l}{subsection.4.11.2}% 84
\BOOKMARK [1][-]{section.4.12}{\376\377\0004\000.\0001\0002\000\040\000h\000l\000l\000c\000\040\000M\000o\000d\000u\000l\000e\000\040\000R\000e\000f\000e\000r\000e\000n\000c\000e}{chapter.4}% 85
\BOOKMARK [2][-]{subsection.4.12.1}{\376\377\0004\000.\0001\0002\000.\0001\000\040\000D\000e\000t\000a\000i\000l\000e\000d\000\040\000D\000e\000s\000c\000r\000i\000p\000t\000i\000o\000n}{section.4.12}% 86
\BOOKMARK [2][-]{subsection.4.12.2}{\376\377\0004\000.\0001\0002\000.\0002\000\040\000F\000u\000n\000c\000t\000i\000o\000n\000/\000S\000u\000b\000r\000o\000u\000t\000i\000n\000e\000\040\000D\000o\000c\000u\000m\000e\000n\000t\000a\000t\000i\000o\000n}{section.4.12}% 87
\BOOKMARK [3][-]{subsubsection.4.12.2.1}{\376\377\0004\000.\0001\0002\000.\0002\000.\0001\000\040\000h\000l\000l\000c\000f\000l\000u\000x\000e\000s}{subsection.4.12.2}% 88
\BOOKMARK [3][-]{subsubsection.4.12.2.2}{\376\377\0004\000.\0001\0002\000.\0002\000.\0002\000\040\000p\000r\000i\000m\0002\000f\000h\000l\000l\000c}{subsection.4.12.2}% 89
\BOOKMARK [1][-]{section.4.13}{\376\377\0004\000.\0001\0003\000\040\000h\000l\000l\000d\000\040\000M\000o\000d\000u\000l\000e\000\040\000R\000e\000f\000e\000r\000e\000n\000c\000e}{chapter.4}% 90
\BOOKMARK [2][-]{subsection.4.13.1}{\376\377\0004\000.\0001\0003\000.\0001\000\040\000D\000e\000t\000a\000i\000l\000e\000d\000\040\000D\000e\000s\000c\000r\000i\000p\000t\000i\000o\000n}{section.4.13}% 91
\BOOKMARK [2][-]{subsection.4.13.2}{\376\377\0004\000.\0001\0003\000.\0002\000\040\000F\000u\000n\000c\000t\000i\000o\000n\000/\000S\000u\000b\000r\000o\000u\000t\000i\000n\000e\000\040\000D\000o\000c\000u\000m\000e\000n\000t\000a\000t\000i\000o\000n}{section.4.13}% 92
\BOOKMARK [3][-]{subsubsection.4.13.2.1}{\376\377\0004\000.\0001\0003\000.\0002\000.\0001\000\040\000h\000l\000l\000d\000f\000l\000u\000x\000e\000s}{subsection.4.13.2}% 93
\BOOKMARK [3][-]{subsubsection.4.13.2.2}{\376\377\0004\000.\0001\0003\000.\0002\000.\0002\000\040\000p\000r\000i\000m\0002\000f\000h\000l\000l\000d}{subsection.4.13.2}% 94
\BOOKMARK [1][-]{section.4.14}{\376\377\0004\000.\0001\0004\000\040\000h\000l\000l\000e\000\040\000M\000o\000d\000u\000l\000e\000\040\000R\000e\000f\000e\000r\000e\000n\000c\000e}{chapter.4}% 95
\BOOKMARK [2][-]{subsection.4.14.1}{\376\377\0004\000.\0001\0004\000.\0001\000\040\000D\000e\000t\000a\000i\000l\000e\000d\000\040\000D\000e\000s\000c\000r\000i\000p\000t\000i\000o\000n}{section.4.14}% 96
\BOOKMARK [2][-]{subsection.4.14.2}{\376\377\0004\000.\0001\0004\000.\0002\000\040\000F\000u\000n\000c\000t\000i\000o\000n\000/\000S\000u\000b\000r\000o\000u\000t\000i\000n\000e\000\040\000D\000o\000c\000u\000m\000e\000n\000t\000a\000t\000i\000o\000n}{section.4.14}% 97
\BOOKMARK [3][-]{subsubsection.4.14.2.1}{\376\377\0004\000.\0001\0004\000.\0002\000.\0001\000\040\000h\000l\000l\000e\000f\000l\000u\000x\000e\000s}{subsection.4.14.2}% 98
\BOOKMARK [3][-]{subsubsection.4.14.2.2}{\376\377\0004\000.\0001\0004\000.\0002\000.\0002\000\040\000p\000r\000i\000m\0002\000f\000h\000l\000l\000e}{subsection.4.14.2}% 99
\BOOKMARK [1][-]{section.4.15}{\376\377\0004\000.\0001\0005\000\040\000h\000y\000d\000r\000o\000\137\000c\000o\000r\000e\000\040\000M\000o\000d\000u\000l\000e\000\040\000R\000e\000f\000e\000r\000e\000n\000c\000e}{chapter.4}% 100
\BOOKMARK [2][-]{subsection.4.15.1}{\376\377\0004\000.\0001\0005\000.\0001\000\040\000D\000e\000t\000a\000i\000l\000e\000d\000\040\000D\000e\000s\000c\000r\000i\000p\000t\000i\000o\000n}{section.4.15}% 101
\BOOKMARK [2][-]{subsection.4.15.2}{\376\377\0004\000.\0001\0005\000.\0002\000\040\000F\000u\000n\000c\000t\000i\000o\000n\000/\000S\000u\000b\000r\000o\000u\000t\000i\000n\000e\000\040\000D\000o\000c\000u\000m\000e\000n\000t\000a\000t\000i\000o\000n}{section.4.15}% 102
\BOOKMARK [3][-]{subsubsection.4.15.2.1}{\376\377\0004\000.\0001\0005\000.\0002\000.\0001\000\040\000c\000a\000l\000c\000p\000r\000i\000m}{subsection.4.15.2}% 103
\BOOKMARK [3][-]{subsubsection.4.15.2.2}{\376\377\0004\000.\0001\0005\000.\0002\000.\0002\000\040\000c\000f\000a\000s\000t}{subsection.4.15.2}% 104
\BOOKMARK [3][-]{subsubsection.4.15.2.3}{\376\377\0004\000.\0001\0005\000.\0002\000.\0003\000\040\000c\000f\000a\000s\000t\000x}{subsection.4.15.2}% 105
\BOOKMARK [3][-]{subsubsection.4.15.2.4}{\376\377\0004\000.\0001\0005\000.\0002\000.\0004\000\040\000c\000s\000o\000u\000n\000d}{subsection.4.15.2}% 106
\BOOKMARK [3][-]{subsubsection.4.15.2.5}{\376\377\0004\000.\0001\0005\000.\0002\000.\0005\000\040\000g\000e\000t\000\137\000t\000i\000m\000e\000s\000t\000e\000p}{subsection.4.15.2}% 107
\BOOKMARK [3][-]{subsubsection.4.15.2.6}{\376\377\0004\000.\0001\0005\000.\0002\000.\0006\000\040\000l\000i\000m\000i\000t\000e\000r}{subsection.4.15.2}% 108
\BOOKMARK [3][-]{subsubsection.4.15.2.7}{\376\377\0004\000.\0001\0005\000.\0002\000.\0007\000\040\000p\000r\000i\000m\0002\000f}{subsection.4.15.2}% 109
\BOOKMARK [3][-]{subsubsection.4.15.2.8}{\376\377\0004\000.\0001\0005\000.\0002\000.\0008\000\040\000p\000r\000i\000m\0002\000u}{subsection.4.15.2}% 110
\BOOKMARK [3][-]{subsubsection.4.15.2.9}{\376\377\0004\000.\0001\0005\000.\0002\000.\0009\000\040\000s\000w\000a\000p\000y}{subsection.4.15.2}% 111
\BOOKMARK [3][-]{subsubsection.4.15.2.10}{\376\377\0004\000.\0001\0005\000.\0002\000.\0001\0000\000\040\000s\000w\000a\000p\000z}{subsection.4.15.2}% 112
\BOOKMARK [3][-]{subsubsection.4.15.2.11}{\376\377\0004\000.\0001\0005\000.\0002\000.\0001\0001\000\040\000u\0002\000p\000r\000i\000m}{subsection.4.15.2}% 113
\BOOKMARK [1][-]{section.4.16}{\376\377\0004\000.\0001\0006\000\040\000h\000y\000d\000r\000o\000\137\000s\000o\000l\000v\000e\000r\000\040\000M\000o\000d\000u\000l\000e\000\040\000R\000e\000f\000e\000r\000e\000n\000c\000e}{chapter.4}% 114
\BOOKMARK [2][-]{subsection.4.16.1}{\376\377\0004\000.\0001\0006\000.\0001\000\040\000D\000e\000t\000a\000i\000l\000e\000d\000\040\000D\000e\000s\000c\000r\000i\000p\000t\000i\000o\000n}{section.4.16}% 115
\BOOKMARK [2][-]{subsection.4.16.2}{\376\377\0004\000.\0001\0006\000.\0002\000\040\000F\000u\000n\000c\000t\000i\000o\000n\000/\000S\000u\000b\000r\000o\000u\000t\000i\000n\000e\000\040\000D\000o\000c\000u\000m\000e\000n\000t\000a\000t\000i\000o\000n}{section.4.16}% 116
\BOOKMARK [3][-]{subsubsection.4.16.2.1}{\376\377\0004\000.\0001\0006\000.\0002\000.\0001\000\040\000s\000t\000e\000p}{subsection.4.16.2}% 117
\BOOKMARK [3][-]{subsubsection.4.16.2.2}{\376\377\0004\000.\0001\0006\000.\0002\000.\0002\000\040\000t\000s\000t\000e\000p}{subsection.4.16.2}% 118
\BOOKMARK [3][-]{subsubsection.4.16.2.3}{\376\377\0004\000.\0001\0006\000.\0002\000.\0003\000\040\000v\000i\000s\000c\000o\000s\000i\000t\000y}{subsection.4.16.2}% 119
\BOOKMARK [1][-]{section.4.17}{\376\377\0004\000.\0001\0007\000\040\000i\000n\000i\000t\000\040\000M\000o\000d\000u\000l\000e\000\040\000R\000e\000f\000e\000r\000e\000n\000c\000e}{chapter.4}% 120
\BOOKMARK [2][-]{subsection.4.17.1}{\376\377\0004\000.\0001\0007\000.\0001\000\040\000D\000e\000t\000a\000i\000l\000e\000d\000\040\000D\000e\000s\000c\000r\000i\000p\000t\000i\000o\000n}{section.4.17}% 121
\BOOKMARK [2][-]{subsection.4.17.2}{\376\377\0004\000.\0001\0007\000.\0002\000\040\000F\000u\000n\000c\000t\000i\000o\000n\000/\000S\000u\000b\000r\000o\000u\000t\000i\000n\000e\000\040\000D\000o\000c\000u\000m\000e\000n\000t\000a\000t\000i\000o\000n}{section.4.17}% 122
\BOOKMARK [3][-]{subsubsection.4.17.2.1}{\376\377\0004\000.\0001\0007\000.\0002\000.\0001\000\040\000i\000n\000i\000t\000f\000l\000o\000w}{subsection.4.17.2}% 123
\BOOKMARK [3][-]{subsubsection.4.17.2.2}{\376\377\0004\000.\0001\0007\000.\0002\000.\0002\000\040\000i\000n\000i\000t\000m\000a\000i\000n}{subsection.4.17.2}% 124
\BOOKMARK [1][-]{section.4.18}{\376\377\0004\000.\0001\0008\000\040\000l\000i\000n\000e\000a\000r\000\137\000s\000y\000s\000t\000e\000m\000\040\000M\000o\000d\000u\000l\000e\000\040\000R\000e\000f\000e\000r\000e\000n\000c\000e}{chapter.4}% 125
\BOOKMARK [2][-]{subsection.4.18.1}{\376\377\0004\000.\0001\0008\000.\0001\000\040\000D\000e\000t\000a\000i\000l\000e\000d\000\040\000D\000e\000s\000c\000r\000i\000p\000t\000i\000o\000n}{section.4.18}% 126
\BOOKMARK [2][-]{subsection.4.18.2}{\376\377\0004\000.\0001\0008\000.\0002\000\040\000F\000u\000n\000c\000t\000i\000o\000n\000/\000S\000u\000b\000r\000o\000u\000t\000i\000n\000e\000\040\000D\000o\000c\000u\000m\000e\000n\000t\000a\000t\000i\000o\000n}{section.4.18}% 127
\BOOKMARK [3][-]{subsubsection.4.18.2.1}{\376\377\0004\000.\0001\0008\000.\0002\000.\0001\000\040\000l\000i\000n\000s\000y\000s}{subsection.4.18.2}% 128
\BOOKMARK [3][-]{subsubsection.4.18.2.2}{\376\377\0004\000.\0001\0008\000.\0002\000.\0002\000\040\000l\000u\000b\000k\000s\000b}{subsection.4.18.2}% 129
\BOOKMARK [3][-]{subsubsection.4.18.2.3}{\376\377\0004\000.\0001\0008\000.\0002\000.\0003\000\040\000l\000u\000d\000c\000m\000p}{subsection.4.18.2}% 130
\BOOKMARK [1][-]{section.4.19}{\376\377\0004\000.\0001\0009\000\040\000l\000y\000m\000a\000n\000\137\000a\000l\000p\000h\000a\000\137\000u\000t\000i\000l\000i\000t\000i\000e\000s\000\040\000M\000o\000d\000u\000l\000e\000\040\000R\000e\000f\000e\000r\000e\000n\000c\000e}{chapter.4}% 131
\BOOKMARK [2][-]{subsection.4.19.1}{\376\377\0004\000.\0001\0009\000.\0001\000\040\000D\000e\000t\000a\000i\000l\000e\000d\000\040\000D\000e\000s\000c\000r\000i\000p\000t\000i\000o\000n}{section.4.19}% 132
\BOOKMARK [2][-]{subsection.4.19.2}{\376\377\0004\000.\0001\0009\000.\0002\000\040\000F\000u\000n\000c\000t\000i\000o\000n\000/\000S\000u\000b\000r\000o\000u\000t\000i\000n\000e\000\040\000D\000o\000c\000u\000m\000e\000n\000t\000a\000t\000i\000o\000n}{section.4.19}% 133
\BOOKMARK [3][-]{subsubsection.4.19.2.1}{\376\377\0004\000.\0001\0009\000.\0002\000.\0001\000\040\000f\000i\000l\000l\000\137\000m\000a\000p}{subsection.4.19.2}% 134
\BOOKMARK [3][-]{subsubsection.4.19.2.2}{\376\377\0004\000.\0001\0009\000.\0002\000.\0002\000\040\000g\000e\000t\000x\000y\000z}{subsection.4.19.2}% 135
\BOOKMARK [3][-]{subsubsection.4.19.2.3}{\376\377\0004\000.\0001\0009\000.\0002\000.\0003\000\040\000i\000n\000i\000t\000\137\000l\000a}{subsection.4.19.2}% 136
\BOOKMARK [3][-]{subsubsection.4.19.2.4}{\376\377\0004\000.\0001\0009\000.\0002\000.\0004\000\040\000p\000h\000i\000g\000a\000u\000s\000s}{subsection.4.19.2}% 137
\BOOKMARK [3][-]{subsubsection.4.19.2.5}{\376\377\0004\000.\0001\0009\000.\0002\000.\0005\000\040\000r\000e\000a\000d\000\137\000d\000a\000t\000a}{subsection.4.19.2}% 138
\BOOKMARK [3][-]{subsubsection.4.19.2.6}{\376\377\0004\000.\0001\0009\000.\0002\000.\0006\000\040\000r\000o\000t\000a\000t\000i\000o\000n\000\137\000x}{subsection.4.19.2}% 139
\BOOKMARK [3][-]{subsubsection.4.19.2.7}{\376\377\0004\000.\0001\0009\000.\0002\000.\0007\000\040\000r\000o\000t\000a\000t\000i\000o\000n\000\137\000y}{subsection.4.19.2}% 140
\BOOKMARK [3][-]{subsubsection.4.19.2.8}{\376\377\0004\000.\0001\0009\000.\0002\000.\0008\000\040\000r\000o\000t\000a\000t\000i\000o\000n\000\137\000z}{subsection.4.19.2}% 141
\BOOKMARK [3][-]{subsubsection.4.19.2.9}{\376\377\0004\000.\0001\0009\000.\0002\000.\0009\000\040\000w\000r\000i\000t\000e\000\137\000l\000a}{subsection.4.19.2}% 142
\BOOKMARK [1][-]{section.4.20}{\376\377\0004\000.\0002\0000\000\040\000o\000u\000t\000\137\000b\000i\000n\000\137\000m\000o\000d\000u\000l\000e\000\040\000M\000o\000d\000u\000l\000e\000\040\000R\000e\000f\000e\000r\000e\000n\000c\000e}{chapter.4}% 143
\BOOKMARK [2][-]{subsection.4.20.1}{\376\377\0004\000.\0002\0000\000.\0001\000\040\000D\000e\000t\000a\000i\000l\000e\000d\000\040\000D\000e\000s\000c\000r\000i\000p\000t\000i\000o\000n}{section.4.20}% 144
\BOOKMARK [2][-]{subsection.4.20.2}{\376\377\0004\000.\0002\0000\000.\0002\000\040\000F\000u\000n\000c\000t\000i\000o\000n\000/\000S\000u\000b\000r\000o\000u\000t\000i\000n\000e\000\040\000D\000o\000c\000u\000m\000e\000n\000t\000a\000t\000i\000o\000n}{section.4.20}% 145
\BOOKMARK [3][-]{subsubsection.4.20.2.1}{\376\377\0004\000.\0002\0000\000.\0002\000.\0001\000\040\000w\000r\000i\000t\000e\000\137\000b\000i\000n}{subsection.4.20.2}% 146
\BOOKMARK [3][-]{subsubsection.4.20.2.2}{\376\377\0004\000.\0002\0000\000.\0002\000.\0002\000\040\000w\000r\000i\000t\000e\000\137\000h\000e\000a\000d\000e\000r}{subsection.4.20.2}% 147
\BOOKMARK [1][-]{section.4.21}{\376\377\0004\000.\0002\0001\000\040\000o\000u\000t\000\137\000s\000i\000l\000o\000\137\000m\000o\000d\000u\000l\000e\000\040\000M\000o\000d\000u\000l\000e\000\040\000R\000e\000f\000e\000r\000e\000n\000c\000e}{chapter.4}% 148
\BOOKMARK [2][-]{subsection.4.21.1}{\376\377\0004\000.\0002\0001\000.\0001\000\040\000D\000e\000t\000a\000i\000l\000e\000d\000\040\000D\000e\000s\000c\000r\000i\000p\000t\000i\000o\000n}{section.4.21}% 149
\BOOKMARK [2][-]{subsection.4.21.2}{\376\377\0004\000.\0002\0001\000.\0002\000\040\000F\000u\000n\000c\000t\000i\000o\000n\000/\000S\000u\000b\000r\000o\000u\000t\000i\000n\000e\000\040\000D\000o\000c\000u\000m\000e\000n\000t\000a\000t\000i\000o\000n}{section.4.21}% 150
\BOOKMARK [3][-]{subsubsection.4.21.2.1}{\376\377\0004\000.\0002\0001\000.\0002\000.\0001\000\040\000o\000u\000t\000p\000u\000t\000s\000i\000l\000o}{subsection.4.21.2}% 151
\BOOKMARK [3][-]{subsubsection.4.21.2.2}{\376\377\0004\000.\0002\0001\000.\0002\000.\0002\000\040\000w\000r\000i\000t\000e\000b\000l\000o\000c\000k\000s}{subsection.4.21.2}% 152
\BOOKMARK [3][-]{subsubsection.4.21.2.3}{\376\377\0004\000.\0002\0001\000.\0002\000.\0003\000\040\000w\000r\000i\000t\000e\000m\000a\000s\000t\000e\000r}{subsection.4.21.2}% 153
\BOOKMARK [1][-]{section.4.22}{\376\377\0004\000.\0002\0002\000\040\000o\000u\000t\000\137\000v\000t\000k\000\137\000m\000o\000d\000u\000l\000e\000\040\000M\000o\000d\000u\000l\000e\000\040\000R\000e\000f\000e\000r\000e\000n\000c\000e}{chapter.4}% 154
\BOOKMARK [2][-]{subsection.4.22.1}{\376\377\0004\000.\0002\0002\000.\0001\000\040\000D\000e\000t\000a\000i\000l\000e\000d\000\040\000D\000e\000s\000c\000r\000i\000p\000t\000i\000o\000n}{section.4.22}% 155
\BOOKMARK [2][-]{subsection.4.22.2}{\376\377\0004\000.\0002\0002\000.\0002\000\040\000F\000u\000n\000c\000t\000i\000o\000n\000/\000S\000u\000b\000r\000o\000u\000t\000i\000n\000e\000\040\000D\000o\000c\000u\000m\000e\000n\000t\000a\000t\000i\000o\000n}{section.4.22}% 156
\BOOKMARK [3][-]{subsubsection.4.22.2.1}{\376\377\0004\000.\0002\0002\000.\0002\000.\0001\000\040\000w\000r\000i\000t\000e\000\137\000v\000t\000k}{subsection.4.22.2}% 157
\BOOKMARK [1][-]{section.4.23}{\376\377\0004\000.\0002\0003\000\040\000o\000u\000t\000p\000u\000t\000\040\000M\000o\000d\000u\000l\000e\000\040\000R\000e\000f\000e\000r\000e\000n\000c\000e}{chapter.4}% 158
\BOOKMARK [2][-]{subsection.4.23.1}{\376\377\0004\000.\0002\0003\000.\0001\000\040\000D\000e\000t\000a\000i\000l\000e\000d\000\040\000D\000e\000s\000c\000r\000i\000p\000t\000i\000o\000n}{section.4.23}% 159
\BOOKMARK [2][-]{subsection.4.23.2}{\376\377\0004\000.\0002\0003\000.\0002\000\040\000F\000u\000n\000c\000t\000i\000o\000n\000/\000S\000u\000b\000r\000o\000u\000t\000i\000n\000e\000\040\000D\000o\000c\000u\000m\000e\000n\000t\000a\000t\000i\000o\000n}{section.4.23}% 160
\BOOKMARK [3][-]{subsubsection.4.23.2.1}{\376\377\0004\000.\0002\0003\000.\0002\000.\0001\000\040\000w\000r\000i\000t\000e\000\137\000o\000u\000t\000p\000u\000t}{subsection.4.23.2}% 161
\BOOKMARK [1][-]{section.4.24}{\376\377\0004\000.\0002\0004\000\040\000s\000o\000u\000r\000c\000e\000s\000\040\000M\000o\000d\000u\000l\000e\000\040\000R\000e\000f\000e\000r\000e\000n\000c\000e}{chapter.4}% 162
\BOOKMARK [2][-]{subsection.4.24.1}{\376\377\0004\000.\0002\0004\000.\0001\000\040\000D\000e\000t\000a\000i\000l\000e\000d\000\040\000D\000e\000s\000c\000r\000i\000p\000t\000i\000o\000n}{section.4.24}% 163
\BOOKMARK [2][-]{subsection.4.24.2}{\376\377\0004\000.\0002\0004\000.\0002\000\040\000F\000u\000n\000c\000t\000i\000o\000n\000/\000S\000u\000b\000r\000o\000u\000t\000i\000n\000e\000\040\000D\000o\000c\000u\000m\000e\000n\000t\000a\000t\000i\000o\000n}{section.4.24}% 164
\BOOKMARK [3][-]{subsubsection.4.24.2.1}{\376\377\0004\000.\0002\0004\000.\0002\000.\0001\000\040\000d\000i\000v\000b\000c\000o\000r\000r\000\137\000s\000o\000u\000r\000c\000e}{subsection.4.24.2}% 165
\BOOKMARK [3][-]{subsubsection.4.24.2.2}{\376\377\0004\000.\0002\0004\000.\0002\000.\0002\000\040\000d\000i\000v\000e\000r\000g\000e\000n\000c\000e\000\137\000b}{subsection.4.24.2}% 166
\BOOKMARK [3][-]{subsubsection.4.24.2.3}{\376\377\0004\000.\0002\0004\000.\0002\000.\0003\000\040\000g\000e\000t\000p\000o\000s}{subsection.4.24.2}% 167
\BOOKMARK [3][-]{subsubsection.4.24.2.4}{\376\377\0004\000.\0002\0004\000.\0002\000.\0004\000\040\000g\000r\000a\000v\000\137\000s\000o\000u\000r\000c\000e}{subsection.4.24.2}% 168
\BOOKMARK [3][-]{subsubsection.4.24.2.5}{\376\377\0004\000.\0002\0004\000.\0002\000.\0005\000\040\000r\000a\000d\000p\000r\000e\000s\000s\000\137\000s\000o\000u\000r\000c\000e}{subsection.4.24.2}% 169
\BOOKMARK [3][-]{subsubsection.4.24.2.6}{\376\377\0004\000.\0002\0004\000.\0002\000.\0006\000\040\000s\000o\000u\000r\000c\000e}{subsection.4.24.2}% 170
\BOOKMARK [1][-]{section.4.25}{\376\377\0004\000.\0002\0005\000\040\000t\000h\000e\000r\000m\000a\000l\000\137\000c\000o\000n\000d\000\040\000M\000o\000d\000u\000l\000e\000\040\000R\000e\000f\000e\000r\000e\000n\000c\000e}{chapter.4}% 171
\BOOKMARK [2][-]{subsection.4.25.1}{\376\377\0004\000.\0002\0005\000.\0001\000\040\000D\000e\000t\000a\000i\000l\000e\000d\000\040\000D\000e\000s\000c\000r\000i\000p\000t\000i\000o\000n}{section.4.25}% 172
\BOOKMARK [2][-]{subsection.4.25.2}{\376\377\0004\000.\0002\0005\000.\0002\000\040\000F\000u\000n\000c\000t\000i\000o\000n\000/\000S\000u\000b\000r\000o\000u\000t\000i\000n\000e\000\040\000D\000o\000c\000u\000m\000e\000n\000t\000a\000t\000i\000o\000n}{section.4.25}% 173
\BOOKMARK [3][-]{subsubsection.4.25.2.1}{\376\377\0004\000.\0002\0005\000.\0002\000.\0001\000\040\000g\000e\000t\000\137\000d\000t\000\137\000c\000o\000n\000d}{subsection.4.25.2}% 174
\BOOKMARK [3][-]{subsubsection.4.25.2.2}{\376\377\0004\000.\0002\0005\000.\0002\000.\0002\000\040\000h\000e\000a\000t\000f\000l\000u\000x\000e\000s}{subsection.4.25.2}% 175
\BOOKMARK [3][-]{subsubsection.4.25.2.3}{\376\377\0004\000.\0002\0005\000.\0002\000.\0003\000\040\000i\000n\000i\000t\000\137\000t\000h\000e\000r\000m\000a\000l\000\137\000c\000o\000n\000d}{subsection.4.25.2}% 176
\BOOKMARK [3][-]{subsubsection.4.25.2.4}{\376\377\0004\000.\0002\0005\000.\0002\000.\0004\000\040\000k\000s\000p}{subsection.4.25.2}% 177
\BOOKMARK [3][-]{subsubsection.4.25.2.5}{\376\377\0004\000.\0002\0005\000.\0002\000.\0005\000\040\000k\000s\000p\000\137\000p\000a\000r\000l}{subsection.4.25.2}% 178
\BOOKMARK [3][-]{subsubsection.4.25.2.6}{\376\377\0004\000.\0002\0005\000.\0002\000.\0006\000\040\000k\000s\000p\000\137\000p\000e\000r\000p}{subsection.4.25.2}% 179
\BOOKMARK [3][-]{subsubsection.4.25.2.7}{\376\377\0004\000.\0002\0005\000.\0002\000.\0007\000\040\000m\000h\000d\000\137\000h\000e\000a\000t\000f\000l\000u\000x\000e\000s}{subsection.4.25.2}% 180
\BOOKMARK [3][-]{subsubsection.4.25.2.8}{\376\377\0004\000.\0002\0005\000.\0002\000.\0008\000\040\000p\000r\000o\000g\000r\000e\000s\000s}{subsection.4.25.2}% 181
\BOOKMARK [3][-]{subsubsection.4.25.2.9}{\376\377\0004\000.\0002\0005\000.\0002\000.\0009\000\040\000s\000t\000\137\000s\000t\000e\000p\000s}{subsection.4.25.2}% 182
\BOOKMARK [3][-]{subsubsection.4.25.2.10}{\376\377\0004\000.\0002\0005\000.\0002\000.\0001\0000\000\040\000s\000u\000b\000s\000t\000e\000p}{subsection.4.25.2}% 183
\BOOKMARK [3][-]{subsubsection.4.25.2.11}{\376\377\0004\000.\0002\0005\000.\0002\000.\0001\0001\000\040\000s\000u\000p\000e\000r\000s\000t\000e\000p}{subsection.4.25.2}% 184
\BOOKMARK [3][-]{subsubsection.4.25.2.12}{\376\377\0004\000.\0002\0005\000.\0002\000.\0001\0002\000\040\000t\000h\000e\000r\000m\000a\000l\000\137\000b\000o\000u\000n\000d\000s}{subsection.4.25.2}% 185
\BOOKMARK [3][-]{subsubsection.4.25.2.13}{\376\377\0004\000.\0002\0005\000.\0002\000.\0001\0003\000\040\000t\000h\000e\000r\000m\000a\000l\000\137\000c\000o\000n\000d\000u\000c\000t\000i\000o\000n}{subsection.4.25.2}% 186
\BOOKMARK [0][-]{chapter.5}{\376\377\0005\000\040\000F\000i\000l\000e\000\040\000D\000o\000c\000u\000m\000e\000n\000t\000a\000t\000i\000o\000n}{}% 187
\BOOKMARK [1][-]{section.5.1}{\376\377\0005\000.\0001\000\040\000/\000U\000s\000e\000r\000s\000/\000e\000s\000q\000u\000i\000v\000e\000l\000/\000D\000e\000s\000k\000t\000o\000p\000/\000G\000u\000a\000c\000h\000o\000-\000W\000o\000r\000k\000i\000n\000g\000/\000d\000o\000c\000/\000m\000a\000i\000n\000p\000a\000g\000e\000.\000h\000\040\000F\000i\000l\000e\000\040\000R\000e\000f\000e\000r\000e\000n\000c\000e}{chapter.5}% 188
\BOOKMARK [1][-]{section.5.2}{\376\377\0005\000.\0002\000\040\000/\000U\000s\000e\000r\000s\000/\000e\000s\000q\000u\000i\000v\000e\000l\000/\000D\000e\000s\000k\000t\000o\000p\000/\000G\000u\000a\000c\000h\000o\000-\000W\000o\000r\000k\000i\000n\000g\000/\000s\000r\000c\000/\000b\000o\000u\000n\000d\000a\000r\000i\000e\000s\000.\000f\0009\0000\000\040\000F\000i\000l\000e\000\040\000R\000e\000f\000e\000r\000e\000n\000c\000e}{chapter.5}% 189
\BOOKMARK [2][-]{subsection.5.2.1}{\376\377\0005\000.\0002\000.\0001\000\040\000D\000e\000t\000a\000i\000l\000e\000d\000\040\000D\000e\000s\000c\000r\000i\000p\000t\000i\000o\000n}{section.5.2}% 190
\BOOKMARK [1][-]{section.5.3}{\376\377\0005\000.\0003\000\040\000/\000U\000s\000e\000r\000s\000/\000e\000s\000q\000u\000i\000v\000e\000l\000/\000D\000e\000s\000k\000t\000o\000p\000/\000G\000u\000a\000c\000h\000o\000-\000W\000o\000r\000k\000i\000n\000g\000/\000s\000r\000c\000/\000c\000h\000e\000m\000i\000s\000t\000r\000y\000.\000f\0009\0000\000\040\000F\000i\000l\000e\000\040\000R\000e\000f\000e\000r\000e\000n\000c\000e}{chapter.5}% 191
\BOOKMARK [2][-]{subsection.5.3.1}{\376\377\0005\000.\0003\000.\0001\000\040\000D\000e\000t\000a\000i\000l\000e\000d\000\040\000D\000e\000s\000c\000r\000i\000p\000t\000i\000o\000n}{section.5.3}% 192
\BOOKMARK [1][-]{section.5.4}{\376\377\0005\000.\0004\000\040\000/\000U\000s\000e\000r\000s\000/\000e\000s\000q\000u\000i\000v\000e\000l\000/\000D\000e\000s\000k\000t\000o\000p\000/\000G\000u\000a\000c\000h\000o\000-\000W\000o\000r\000k\000i\000n\000g\000/\000s\000r\000c\000/\000c\000o\000l\000d\000e\000n\000s\000.\000f\0009\0000\000\040\000F\000i\000l\000e\000\040\000R\000e\000f\000e\000r\000e\000n\000c\000e}{chapter.5}% 193
\BOOKMARK [2][-]{subsection.5.4.1}{\376\377\0005\000.\0004\000.\0001\000\040\000D\000e\000t\000a\000i\000l\000e\000d\000\040\000D\000e\000s\000c\000r\000i\000p\000t\000i\000o\000n}{section.5.4}% 194
\BOOKMARK [2][-]{subsection.5.4.2}{\376\377\0005\000.\0004\000.\0002\000\040\000F\000u\000n\000c\000t\000i\000o\000n\000/\000S\000u\000b\000r\000o\000u\000t\000i\000n\000e\000\040\000D\000o\000c\000u\000m\000e\000n\000t\000a\000t\000i\000o\000n}{section.5.4}% 195
\BOOKMARK [3][-]{subsubsection.5.4.2.1}{\376\377\0005\000.\0004\000.\0002\000.\0001\000\040\000c\000o\000l\000d\000e\000n\000s}{subsection.5.4.2}% 196
\BOOKMARK [1][-]{section.5.5}{\376\377\0005\000.\0005\000\040\000/\000U\000s\000e\000r\000s\000/\000e\000s\000q\000u\000i\000v\000e\000l\000/\000D\000e\000s\000k\000t\000o\000p\000/\000G\000u\000a\000c\000h\000o\000-\000W\000o\000r\000k\000i\000n\000g\000/\000s\000r\000c\000/\000c\000o\000n\000s\000t\000a\000n\000t\000s\000.\000f\0009\0000\000\040\000F\000i\000l\000e\000\040\000R\000e\000f\000e\000r\000e\000n\000c\000e}{chapter.5}% 197
\BOOKMARK [2][-]{subsection.5.5.1}{\376\377\0005\000.\0005\000.\0001\000\040\000D\000e\000t\000a\000i\000l\000e\000d\000\040\000D\000e\000s\000c\000r\000i\000p\000t\000i\000o\000n}{section.5.5}% 198
\BOOKMARK [1][-]{section.5.6}{\376\377\0005\000.\0006\000\040\000/\000U\000s\000e\000r\000s\000/\000e\000s\000q\000u\000i\000v\000e\000l\000/\000D\000e\000s\000k\000t\000o\000p\000/\000G\000u\000a\000c\000h\000o\000-\000W\000o\000r\000k\000i\000n\000g\000/\000s\000r\000c\000/\000c\000o\000o\000l\000i\000n\000g\000\137\000c\000h\000i\000.\000f\0009\0000\000\040\000F\000i\000l\000e\000\040\000R\000e\000f\000e\000r\000e\000n\000c\000e}{chapter.5}% 199
\BOOKMARK [2][-]{subsection.5.6.1}{\376\377\0005\000.\0006\000.\0001\000\040\000D\000e\000t\000a\000i\000l\000e\000d\000\040\000D\000e\000s\000c\000r\000i\000p\000t\000i\000o\000n}{section.5.6}% 200
\BOOKMARK [1][-]{section.5.7}{\376\377\0005\000.\0007\000\040\000/\000U\000s\000e\000r\000s\000/\000e\000s\000q\000u\000i\000v\000e\000l\000/\000D\000e\000s\000k\000t\000o\000p\000/\000G\000u\000a\000c\000h\000o\000-\000W\000o\000r\000k\000i\000n\000g\000/\000s\000r\000c\000/\000c\000o\000o\000l\000i\000n\000g\000\137\000d\000m\000c\000.\000f\0009\0000\000\040\000F\000i\000l\000e\000\040\000R\000e\000f\000e\000r\000e\000n\000c\000e}{chapter.5}% 201
\BOOKMARK [2][-]{subsection.5.7.1}{\376\377\0005\000.\0007\000.\0001\000\040\000D\000e\000t\000a\000i\000l\000e\000d\000\040\000D\000e\000s\000c\000r\000i\000p\000t\000i\000o\000n}{section.5.7}% 202
\BOOKMARK [1][-]{section.5.8}{\376\377\0005\000.\0008\000\040\000/\000U\000s\000e\000r\000s\000/\000e\000s\000q\000u\000i\000v\000e\000l\000/\000D\000e\000s\000k\000t\000o\000p\000/\000G\000u\000a\000c\000h\000o\000-\000W\000o\000r\000k\000i\000n\000g\000/\000s\000r\000c\000/\000c\000o\000o\000l\000i\000n\000g\000\137\000h\000.\000f\0009\0000\000\040\000F\000i\000l\000e\000\040\000R\000e\000f\000e\000r\000e\000n\000c\000e}{chapter.5}% 203
\BOOKMARK [2][-]{subsection.5.8.1}{\376\377\0005\000.\0008\000.\0001\000\040\000D\000e\000t\000a\000i\000l\000e\000d\000\040\000D\000e\000s\000c\000r\000i\000p\000t\000i\000o\000n}{section.5.8}% 204
\BOOKMARK [1][-]{section.5.9}{\376\377\0005\000.\0009\000\040\000/\000U\000s\000e\000r\000s\000/\000e\000s\000q\000u\000i\000v\000e\000l\000/\000D\000e\000s\000k\000t\000o\000p\000/\000G\000u\000a\000c\000h\000o\000-\000W\000o\000r\000k\000i\000n\000g\000/\000s\000r\000c\000/\000d\000i\000f\000r\000a\000d\000.\000f\0009\0000\000\040\000F\000i\000l\000e\000\040\000R\000e\000f\000e\000r\000e\000n\000c\000e}{chapter.5}% 205
\BOOKMARK [2][-]{subsection.5.9.1}{\376\377\0005\000.\0009\000.\0001\000\040\000D\000e\000t\000a\000i\000l\000e\000d\000\040\000D\000e\000s\000c\000r\000i\000p\000t\000i\000o\000n}{section.5.9}% 206
\BOOKMARK [1][-]{section.5.10}{\376\377\0005\000.\0001\0000\000\040\000/\000U\000s\000e\000r\000s\000/\000e\000s\000q\000u\000i\000v\000e\000l\000/\000D\000e\000s\000k\000t\000o\000p\000/\000G\000u\000a\000c\000h\000o\000-\000W\000o\000r\000k\000i\000n\000g\000/\000s\000r\000c\000/\000g\000l\000o\000b\000a\000l\000s\000.\000f\0009\0000\000\040\000F\000i\000l\000e\000\040\000R\000e\000f\000e\000r\000e\000n\000c\000e}{chapter.5}% 207
\BOOKMARK [2][-]{subsection.5.10.1}{\376\377\0005\000.\0001\0000\000.\0001\000\040\000D\000e\000t\000a\000i\000l\000e\000d\000\040\000D\000e\000s\000c\000r\000i\000p\000t\000i\000o\000n}{section.5.10}% 208
\BOOKMARK [1][-]{section.5.11}{\376\377\0005\000.\0001\0001\000\040\000/\000U\000s\000e\000r\000s\000/\000e\000s\000q\000u\000i\000v\000e\000l\000/\000D\000e\000s\000k\000t\000o\000p\000/\000G\000u\000a\000c\000h\000o\000-\000W\000o\000r\000k\000i\000n\000g\000/\000s\000r\000c\000/\000h\000\137\000a\000l\000p\000h\000a\000\137\000p\000r\000o\000j\000.\000f\0009\0000\000\040\000F\000i\000l\000e\000\040\000R\000e\000f\000e\000r\000e\000n\000c\000e}{chapter.5}% 209
\BOOKMARK [2][-]{subsection.5.11.1}{\376\377\0005\000.\0001\0001\000.\0001\000\040\000D\000e\000t\000a\000i\000l\000e\000d\000\040\000D\000e\000s\000c\000r\000i\000p\000t\000i\000o\000n}{section.5.11}% 210
\BOOKMARK [2][-]{subsection.5.11.2}{\376\377\0005\000.\0001\0001\000.\0002\000\040\000F\000u\000n\000c\000t\000i\000o\000n\000/\000S\000u\000b\000r\000o\000u\000t\000i\000n\000e\000\040\000D\000o\000c\000u\000m\000e\000n\000t\000a\000t\000i\000o\000n}{section.5.11}% 211
\BOOKMARK [3][-]{subsubsection.5.11.2.1}{\376\377\0005\000.\0001\0001\000.\0002\000.\0001\000\040\000h\000\137\000a\000l\000p\000h\000a\000\137\000p\000r\000o\000j}{subsection.5.11.2}% 212
\BOOKMARK [1][-]{section.5.12}{\376\377\0005\000.\0001\0002\000\040\000/\000U\000s\000e\000r\000s\000/\000e\000s\000q\000u\000i\000v\000e\000l\000/\000D\000e\000s\000k\000t\000o\000p\000/\000G\000u\000a\000c\000h\000o\000-\000W\000o\000r\000k\000i\000n\000g\000/\000s\000r\000c\000/\000h\000l\000l\000.\000f\0009\0000\000\040\000F\000i\000l\000e\000\040\000R\000e\000f\000e\000r\000e\000n\000c\000e}{chapter.5}% 213
\BOOKMARK [2][-]{subsection.5.12.1}{\376\377\0005\000.\0001\0002\000.\0001\000\040\000D\000e\000t\000a\000i\000l\000e\000d\000\040\000D\000e\000s\000c\000r\000i\000p\000t\000i\000o\000n}{section.5.12}% 214
\BOOKMARK [1][-]{section.5.13}{\376\377\0005\000.\0001\0003\000\040\000/\000U\000s\000e\000r\000s\000/\000e\000s\000q\000u\000i\000v\000e\000l\000/\000D\000e\000s\000k\000t\000o\000p\000/\000G\000u\000a\000c\000h\000o\000-\000W\000o\000r\000k\000i\000n\000g\000/\000s\000r\000c\000/\000h\000l\000l\000c\000.\000f\0009\0000\000\040\000F\000i\000l\000e\000\040\000R\000e\000f\000e\000r\000e\000n\000c\000e}{chapter.5}% 215
\BOOKMARK [2][-]{subsection.5.13.1}{\376\377\0005\000.\0001\0003\000.\0001\000\040\000D\000e\000t\000a\000i\000l\000e\000d\000\040\000D\000e\000s\000c\000r\000i\000p\000t\000i\000o\000n}{section.5.13}% 216
\BOOKMARK [1][-]{section.5.14}{\376\377\0005\000.\0001\0004\000\040\000/\000U\000s\000e\000r\000s\000/\000e\000s\000q\000u\000i\000v\000e\000l\000/\000D\000e\000s\000k\000t\000o\000p\000/\000G\000u\000a\000c\000h\000o\000-\000W\000o\000r\000k\000i\000n\000g\000/\000s\000r\000c\000/\000h\000l\000l\000d\000.\000f\0009\0000\000\040\000F\000i\000l\000e\000\040\000R\000e\000f\000e\000r\000e\000n\000c\000e}{chapter.5}% 217
\BOOKMARK [2][-]{subsection.5.14.1}{\376\377\0005\000.\0001\0004\000.\0001\000\040\000D\000e\000t\000a\000i\000l\000e\000d\000\040\000D\000e\000s\000c\000r\000i\000p\000t\000i\000o\000n}{section.5.14}% 218
\BOOKMARK [1][-]{section.5.15}{\376\377\0005\000.\0001\0005\000\040\000/\000U\000s\000e\000r\000s\000/\000e\000s\000q\000u\000i\000v\000e\000l\000/\000D\000e\000s\000k\000t\000o\000p\000/\000G\000u\000a\000c\000h\000o\000-\000W\000o\000r\000k\000i\000n\000g\000/\000s\000r\000c\000/\000h\000l\000l\000e\000.\000f\0009\0000\000\040\000F\000i\000l\000e\000\040\000R\000e\000f\000e\000r\000e\000n\000c\000e}{chapter.5}% 219
\BOOKMARK [2][-]{subsection.5.15.1}{\376\377\0005\000.\0001\0005\000.\0001\000\040\000D\000e\000t\000a\000i\000l\000e\000d\000\040\000D\000e\000s\000c\000r\000i\000p\000t\000i\000o\000n}{section.5.15}% 220
\BOOKMARK [1][-]{section.5.16}{\376\377\0005\000.\0001\0006\000\040\000/\000U\000s\000e\000r\000s\000/\000e\000s\000q\000u\000i\000v\000e\000l\000/\000D\000e\000s\000k\000t\000o\000p\000/\000G\000u\000a\000c\000h\000o\000-\000W\000o\000r\000k\000i\000n\000g\000/\000s\000r\000c\000/\000h\000y\000d\000r\000o\000\137\000c\000o\000r\000e\000.\000f\0009\0000\000\040\000F\000i\000l\000e\000\040\000R\000e\000f\000e\000r\000e\000n\000c\000e}{chapter.5}% 221
\BOOKMARK [2][-]{subsection.5.16.1}{\376\377\0005\000.\0001\0006\000.\0001\000\040\000D\000e\000t\000a\000i\000l\000e\000d\000\040\000D\000e\000s\000c\000r\000i\000p\000t\000i\000o\000n}{section.5.16}% 222
\BOOKMARK [1][-]{section.5.17}{\376\377\0005\000.\0001\0007\000\040\000/\000U\000s\000e\000r\000s\000/\000e\000s\000q\000u\000i\000v\000e\000l\000/\000D\000e\000s\000k\000t\000o\000p\000/\000G\000u\000a\000c\000h\000o\000-\000W\000o\000r\000k\000i\000n\000g\000/\000s\000r\000c\000/\000h\000y\000d\000r\000o\000\137\000s\000o\000l\000v\000e\000r\000.\000f\0009\0000\000\040\000F\000i\000l\000e\000\040\000R\000e\000f\000e\000r\000e\000n\000c\000e}{chapter.5}% 223
\BOOKMARK [2][-]{subsection.5.17.1}{\376\377\0005\000.\0001\0007\000.\0001\000\040\000D\000e\000t\000a\000i\000l\000e\000d\000\040\000D\000e\000s\000c\000r\000i\000p\000t\000i\000o\000n}{section.5.17}% 224
\BOOKMARK [1][-]{section.5.18}{\376\377\0005\000.\0001\0008\000\040\000/\000U\000s\000e\000r\000s\000/\000e\000s\000q\000u\000i\000v\000e\000l\000/\000D\000e\000s\000k\000t\000o\000p\000/\000G\000u\000a\000c\000h\000o\000-\000W\000o\000r\000k\000i\000n\000g\000/\000s\000r\000c\000/\000i\000n\000i\000t\000.\000f\0009\0000\000\040\000F\000i\000l\000e\000\040\000R\000e\000f\000e\000r\000e\000n\000c\000e}{chapter.5}% 225
\BOOKMARK [2][-]{subsection.5.18.1}{\376\377\0005\000.\0001\0008\000.\0001\000\040\000D\000e\000t\000a\000i\000l\000e\000d\000\040\000D\000e\000s\000c\000r\000i\000p\000t\000i\000o\000n}{section.5.18}% 226
\BOOKMARK [1][-]{section.5.19}{\376\377\0005\000.\0001\0009\000\040\000/\000U\000s\000e\000r\000s\000/\000e\000s\000q\000u\000i\000v\000e\000l\000/\000D\000e\000s\000k\000t\000o\000p\000/\000G\000u\000a\000c\000h\000o\000-\000W\000o\000r\000k\000i\000n\000g\000/\000s\000r\000c\000/\000l\000i\000n\000e\000a\000r\000\137\000s\000y\000s\000t\000e\000m\000.\000f\0009\0000\000\040\000F\000i\000l\000e\000\040\000R\000e\000f\000e\000r\000e\000n\000c\000e}{chapter.5}% 227
\BOOKMARK [2][-]{subsection.5.19.1}{\376\377\0005\000.\0001\0009\000.\0001\000\040\000D\000e\000t\000a\000i\000l\000e\000d\000\040\000D\000e\000s\000c\000r\000i\000p\000t\000i\000o\000n}{section.5.19}% 228
\BOOKMARK [1][-]{section.5.20}{\376\377\0005\000.\0002\0000\000\040\000/\000U\000s\000e\000r\000s\000/\000e\000s\000q\000u\000i\000v\000e\000l\000/\000D\000e\000s\000k\000t\000o\000p\000/\000G\000u\000a\000c\000h\000o\000-\000W\000o\000r\000k\000i\000n\000g\000/\000s\000r\000c\000/\000l\000y\000m\000a\000n\000\137\000a\000l\000p\000h\000a\000\137\000t\000a\000u\000.\000f\0009\0000\000\040\000F\000i\000l\000e\000\040\000R\000e\000f\000e\000r\000e\000n\000c\000e}{chapter.5}% 229
\BOOKMARK [2][-]{subsection.5.20.1}{\376\377\0005\000.\0002\0000\000.\0001\000\040\000D\000e\000t\000a\000i\000l\000e\000d\000\040\000D\000e\000s\000c\000r\000i\000p\000t\000i\000o\000n}{section.5.20}% 230
\BOOKMARK [2][-]{subsection.5.20.2}{\376\377\0005\000.\0002\0000\000.\0002\000\040\000F\000u\000n\000c\000t\000i\000o\000n\000/\000S\000u\000b\000r\000o\000u\000t\000i\000n\000e\000\040\000D\000o\000c\000u\000m\000e\000n\000t\000a\000t\000i\000o\000n}{section.5.20}% 231
\BOOKMARK [3][-]{subsubsection.5.20.2.1}{\376\377\0005\000.\0002\0000\000.\0002\000.\0001\000\040\000l\000y\000m\000a\000n\000\137\000a\000l\000p\000h\000a\000\137\000t\000a\000u}{subsection.5.20.2}% 232
\BOOKMARK [1][-]{section.5.21}{\376\377\0005\000.\0002\0001\000\040\000/\000U\000s\000e\000r\000s\000/\000e\000s\000q\000u\000i\000v\000e\000l\000/\000D\000e\000s\000k\000t\000o\000p\000/\000G\000u\000a\000c\000h\000o\000-\000W\000o\000r\000k\000i\000n\000g\000/\000s\000r\000c\000/\000m\000a\000i\000n\000.\000f\0009\0000\000\040\000F\000i\000l\000e\000\040\000R\000e\000f\000e\000r\000e\000n\000c\000e}{chapter.5}% 233
\BOOKMARK [2][-]{subsection.5.21.1}{\376\377\0005\000.\0002\0001\000.\0001\000\040\000D\000e\000t\000a\000i\000l\000e\000d\000\040\000D\000e\000s\000c\000r\000i\000p\000t\000i\000o\000n}{section.5.21}% 234
\BOOKMARK [1][-]{section.5.22}{\376\377\0005\000.\0002\0002\000\040\000/\000U\000s\000e\000r\000s\000/\000e\000s\000q\000u\000i\000v\000e\000l\000/\000D\000e\000s\000k\000t\000o\000p\000/\000G\000u\000a\000c\000h\000o\000-\000W\000o\000r\000k\000i\000n\000g\000/\000s\000r\000c\000/\000O\000u\000t\000\137\000B\000I\000N\000\137\000M\000o\000d\000u\000l\000e\000.\000f\0009\0000\000\040\000F\000i\000l\000e\000\040\000R\000e\000f\000e\000r\000e\000n\000c\000e}{chapter.5}% 235
\BOOKMARK [2][-]{subsection.5.22.1}{\376\377\0005\000.\0002\0002\000.\0001\000\040\000D\000e\000t\000a\000i\000l\000e\000d\000\040\000D\000e\000s\000c\000r\000i\000p\000t\000i\000o\000n}{section.5.22}% 236
\BOOKMARK [1][-]{section.5.23}{\376\377\0005\000.\0002\0003\000\040\000/\000U\000s\000e\000r\000s\000/\000e\000s\000q\000u\000i\000v\000e\000l\000/\000D\000e\000s\000k\000t\000o\000p\000/\000G\000u\000a\000c\000h\000o\000-\000W\000o\000r\000k\000i\000n\000g\000/\000s\000r\000c\000/\000O\000u\000t\000\137\000S\000i\000l\000o\000\137\000M\000o\000d\000u\000l\000e\000.\000f\0009\0000\000\040\000F\000i\000l\000e\000\040\000R\000e\000f\000e\000r\000e\000n\000c\000e}{chapter.5}% 237
\BOOKMARK [2][-]{subsection.5.23.1}{\376\377\0005\000.\0002\0003\000.\0001\000\040\000D\000e\000t\000a\000i\000l\000e\000d\000\040\000D\000e\000s\000c\000r\000i\000p\000t\000i\000o\000n}{section.5.23}% 238
\BOOKMARK [1][-]{section.5.24}{\376\377\0005\000.\0002\0004\000\040\000/\000U\000s\000e\000r\000s\000/\000e\000s\000q\000u\000i\000v\000e\000l\000/\000D\000e\000s\000k\000t\000o\000p\000/\000G\000u\000a\000c\000h\000o\000-\000W\000o\000r\000k\000i\000n\000g\000/\000s\000r\000c\000/\000O\000u\000t\000\137\000V\000T\000K\000\137\000M\000o\000d\000u\000l\000e\000.\000f\0009\0000\000\040\000F\000i\000l\000e\000\040\000R\000e\000f\000e\000r\000e\000n\000c\000e}{chapter.5}% 239
\BOOKMARK [2][-]{subsection.5.24.1}{\376\377\0005\000.\0002\0004\000.\0001\000\040\000D\000e\000t\000a\000i\000l\000e\000d\000\040\000D\000e\000s\000c\000r\000i\000p\000t\000i\000o\000n}{section.5.24}% 240
\BOOKMARK [1][-]{section.5.25}{\376\377\0005\000.\0002\0005\000\040\000/\000U\000s\000e\000r\000s\000/\000e\000s\000q\000u\000i\000v\000e\000l\000/\000D\000e\000s\000k\000t\000o\000p\000/\000G\000u\000a\000c\000h\000o\000-\000W\000o\000r\000k\000i\000n\000g\000/\000s\000r\000c\000/\000o\000u\000t\000p\000u\000t\000.\000f\0009\0000\000\040\000F\000i\000l\000e\000\040\000R\000e\000f\000e\000r\000e\000n\000c\000e}{chapter.5}% 241
\BOOKMARK [2][-]{subsection.5.25.1}{\376\377\0005\000.\0002\0005\000.\0001\000\040\000D\000e\000t\000a\000i\000l\000e\000d\000\040\000D\000e\000s\000c\000r\000i\000p\000t\000i\000o\000n}{section.5.25}% 242
\BOOKMARK [1][-]{section.5.26}{\376\377\0005\000.\0002\0006\000\040\000/\000U\000s\000e\000r\000s\000/\000e\000s\000q\000u\000i\000v\000e\000l\000/\000D\000e\000s\000k\000t\000o\000p\000/\000G\000u\000a\000c\000h\000o\000-\000W\000o\000r\000k\000i\000n\000g\000/\000s\000r\000c\000/\000s\000o\000u\000r\000c\000e\000s\000.\000f\0009\0000\000\040\000F\000i\000l\000e\000\040\000R\000e\000f\000e\000r\000e\000n\000c\000e}{chapter.5}% 243
\BOOKMARK [2][-]{subsection.5.26.1}{\376\377\0005\000.\0002\0006\000.\0001\000\040\000D\000e\000t\000a\000i\000l\000e\000d\000\040\000D\000e\000s\000c\000r\000i\000p\000t\000i\000o\000n}{section.5.26}% 244
\BOOKMARK [1][-]{section.5.27}{\376\377\0005\000.\0002\0007\000\040\000/\000U\000s\000e\000r\000s\000/\000e\000s\000q\000u\000i\000v\000e\000l\000/\000D\000e\000s\000k\000t\000o\000p\000/\000G\000u\000a\000c\000h\000o\000-\000W\000o\000r\000k\000i\000n\000g\000/\000s\000r\000c\000/\000t\000h\000e\000r\000m\000a\000l\000\137\000c\000o\000n\000d\000.\000f\0009\0000\000\040\000F\000i\000l\000e\000\040\000R\000e\000f\000e\000r\000e\000n\000c\000e}{chapter.5}% 245
\BOOKMARK [2][-]{subsection.5.27.1}{\376\377\0005\000.\0002\0007\000.\0001\000\040\000D\000e\000t\000a\000i\000l\000e\000d\000\040\000D\000e\000s\000c\000r\000i\000p\000t\000i\000o\000n}{section.5.27}% 246
\BOOKMARK [0][-]{section*.86}{\376\377\000I\000n\000d\000e\000x}{}% 247
